g1
[4](+) 0x65177d08ebb0 (2)
  [2](+) 0x65177d08d8f0 (6)
    [0](+) 0x65177d08d990 (26)
    [0](-) 0x65177d08d990 (26) (*)
  [0](-) 0x65177d08d990 (26) (*)

==> Total #BddNodes : 3


g2
[5](-) 0x65177d08ea20 (1)
  [3](+) 0x65177d08d8a0 (5)
    [0](+) 0x65177d08d990 (26)
    [0](-) 0x65177d08d990 (26) (*)
  [0](+) 0x65177d08d990 (26) (*)

==> Total #BddNodes : 3


g3
[2](+) 0x65177d08ea70 (5)
  [1](+) 0x65177d08d940 (3)
    [0](+) 0x65177d08d990 (26)
    [0](-) 0x65177d08d990 (26) (*)
  [0](-) 0x65177d08d990 (26) (*)

==> Total #BddNodes : 3


g4
[4](+) 0x65177d08eb10 (1)
  [3](+) 0x65177d08eac0 (1)
    [2](+) 0x65177d08d8f0 (6)
      [0](+) 0x65177d08d990 (26)
      [0](-) 0x65177d08d990 (26) (*)
    [0](-) 0x65177d08d990 (26) (*)
  [0](-) 0x65177d08d990 (26) (*)

==> Total #BddNodes : 4


g5
[5](+) 0x65177d08f3e0 (1)
  [4](+) 0x65177d08e9c0 (1)
    [3](+) 0x65177d08eb60 (1)
      [2](+) 0x65177d08d8f0 (6)
        [0](+) 0x65177d08d990 (26)
        [0](-) 0x65177d08d990 (26) (*)
      [0](+) 0x65177d08d990 (26) (*)
    [3](-) 0x65177d08d8a0 (5)
      [0](+) 0x65177d08d990 (26) (*)
      [0](-) 0x65177d08d990 (26) (*)
  [4](+) 0x65177d08ebb0 (2)
    [2](+) 0x65177d08d8f0 (6) (*)
    [0](-) 0x65177d08d990 (26) (*)

==> Total #BddNodes : 7


g6
[5](+) 0x65177d08f480 (1)
  [4](+) 0x65177d08f430 (1)
    [0](+) 0x65177d08d990 (26)
    [3](-) 0x65177d08d8a0 (5)
      [0](+) 0x65177d08d990 (26) (*)
      [0](-) 0x65177d08d990 (26) (*)
  [4](+) 0x65177d08d850 (3)
    [0](+) 0x65177d08d990 (26) (*)
    [0](-) 0x65177d08d990 (26) (*)

==> Total #BddNodes : 5


g7
[5](+) 0x65177d08f5e0 (1)
  [4](+) 0x65177d08f520 (1)
    [2](+) 0x65177d08ea70 (5)
      [1](+) 0x65177d08d940 (3)
        [0](+) 0x65177d08d990 (26)
        [0](-) 0x65177d08d990 (26) (*)
      [0](-) 0x65177d08d990 (26) (*)
    [3](-) 0x65177d08f4d0 (2)
      [0](+) 0x65177d08d990 (26) (*)
      [2](-) 0x65177d08ea70 (5) (*)
  [4](+) 0x65177d08f570 (1)
    [2](+) 0x65177d08ea70 (5) (*)
    [0](-) 0x65177d08d990 (26) (*)

==> Total #BddNodes : 7


g8
[5](+) 0x65177d08f700 (2)
  [4](+) 0x65177d08f670 (1)
    [3](+) 0x65177d08f600 (2)
      [2](+) 0x65177d08d8f0 (6)
        [0](+) 0x65177d08d990 (26)
        [0](-) 0x65177d08d990 (26) (*)
      [2](+) 0x65177d08ea70 (5)
        [1](+) 0x65177d08d940 (3)
          [0](+) 0x65177d08d990 (26) (*)
          [0](-) 0x65177d08d990 (26) (*)
        [0](-) 0x65177d08d990 (26) (*)
    [3](-) 0x65177d08f4d0 (2)
      [0](+) 0x65177d08d990 (26) (*)
      [2](-) 0x65177d08ea70 (5) (*)
  [4](+) 0x65177d08f6e0 (1)
    [3](+) 0x65177d08f600 (2) (*)
    [0](-) 0x65177d08d990 (26) (*)

==> Total #BddNodes : 9


g9
[6](+) 0x65177d08f720 (1)
  [5](+) 0x65177d08f700 (2)
    [4](+) 0x65177d08f670 (1)
      [3](+) 0x65177d08f600 (2)
        [2](+) 0x65177d08d8f0 (6)
          [0](+) 0x65177d08d990 (26)
          [0](-) 0x65177d08d990 (26) (*)
        [2](+) 0x65177d08ea70 (5)
          [1](+) 0x65177d08d940 (3)
            [0](+) 0x65177d08d990 (26) (*)
            [0](-) 0x65177d08d990 (26) (*)
          [0](-) 0x65177d08d990 (26) (*)
      [3](-) 0x65177d08f4d0 (2)
        [0](+) 0x65177d08d990 (26) (*)
        [2](-) 0x65177d08ea70 (5) (*)
    [4](+) 0x65177d08f6e0 (1)
      [3](+) 0x65177d08f600 (2) (*)
      [0](-) 0x65177d08d990 (26) (*)
  [0](-) 0x65177d08d990 (26) (*)

==> Total #BddNodes : 10


