g1
[4](+) 0x63052458fbb0 (2)
  [2](+) 0x63052458e8f0 (6)
    [0](+) 0x63052458e990 (26)
    [0](-) 0x63052458e990 (26) (*)
  [0](-) 0x63052458e990 (26) (*)

==> Total #BddNodes : 3


g2
[5](-) 0x63052458fa20 (1)
  [3](+) 0x63052458e8a0 (5)
    [0](+) 0x63052458e990 (26)
    [0](-) 0x63052458e990 (26) (*)
  [0](+) 0x63052458e990 (26) (*)

==> Total #BddNodes : 3


g3
[2](+) 0x63052458fa70 (5)
  [1](+) 0x63052458e940 (3)
    [0](+) 0x63052458e990 (26)
    [0](-) 0x63052458e990 (26) (*)
  [0](-) 0x63052458e990 (26) (*)

==> Total #BddNodes : 3


g4
[4](+) 0x63052458fb10 (1)
  [3](+) 0x63052458fac0 (1)
    [2](+) 0x63052458e8f0 (6)
      [0](+) 0x63052458e990 (26)
      [0](-) 0x63052458e990 (26) (*)
    [0](-) 0x63052458e990 (26) (*)
  [0](-) 0x63052458e990 (26) (*)

==> Total #BddNodes : 4


g5
[5](+) 0x6305245903e0 (1)
  [4](+) 0x63052458f9c0 (1)
    [3](+) 0x63052458fb60 (1)
      [2](+) 0x63052458e8f0 (6)
        [0](+) 0x63052458e990 (26)
        [0](-) 0x63052458e990 (26) (*)
      [0](+) 0x63052458e990 (26) (*)
    [3](-) 0x63052458e8a0 (5)
      [0](+) 0x63052458e990 (26) (*)
      [0](-) 0x63052458e990 (26) (*)
  [4](+) 0x63052458fbb0 (2)
    [2](+) 0x63052458e8f0 (6) (*)
    [0](-) 0x63052458e990 (26) (*)

==> Total #BddNodes : 7


g6
[5](+) 0x630524590480 (1)
  [4](+) 0x630524590430 (1)
    [0](+) 0x63052458e990 (26)
    [3](-) 0x63052458e8a0 (5)
      [0](+) 0x63052458e990 (26) (*)
      [0](-) 0x63052458e990 (26) (*)
  [4](+) 0x63052458e850 (3)
    [0](+) 0x63052458e990 (26) (*)
    [0](-) 0x63052458e990 (26) (*)

==> Total #BddNodes : 5


g7
[5](+) 0x6305245905e0 (1)
  [4](+) 0x630524590520 (1)
    [2](+) 0x63052458fa70 (5)
      [1](+) 0x63052458e940 (3)
        [0](+) 0x63052458e990 (26)
        [0](-) 0x63052458e990 (26) (*)
      [0](-) 0x63052458e990 (26) (*)
    [3](-) 0x6305245904d0 (2)
      [0](+) 0x63052458e990 (26) (*)
      [2](-) 0x63052458fa70 (5) (*)
  [4](+) 0x630524590570 (1)
    [2](+) 0x63052458fa70 (5) (*)
    [0](-) 0x63052458e990 (26) (*)

==> Total #BddNodes : 7


g8
[5](+) 0x630524590700 (2)
  [4](+) 0x630524590670 (1)
    [3](+) 0x630524590600 (2)
      [2](+) 0x63052458e8f0 (6)
        [0](+) 0x63052458e990 (26)
        [0](-) 0x63052458e990 (26) (*)
      [2](+) 0x63052458fa70 (5)
        [1](+) 0x63052458e940 (3)
          [0](+) 0x63052458e990 (26) (*)
          [0](-) 0x63052458e990 (26) (*)
        [0](-) 0x63052458e990 (26) (*)
    [3](-) 0x6305245904d0 (2)
      [0](+) 0x63052458e990 (26) (*)
      [2](-) 0x63052458fa70 (5) (*)
  [4](+) 0x6305245906e0 (1)
    [3](+) 0x630524590600 (2) (*)
    [0](-) 0x63052458e990 (26) (*)

==> Total #BddNodes : 9


g9
[6](+) 0x630524590720 (1)
  [5](+) 0x630524590700 (2)
    [4](+) 0x630524590670 (1)
      [3](+) 0x630524590600 (2)
        [2](+) 0x63052458e8f0 (6)
          [0](+) 0x63052458e990 (26)
          [0](-) 0x63052458e990 (26) (*)
        [2](+) 0x63052458fa70 (5)
          [1](+) 0x63052458e940 (3)
            [0](+) 0x63052458e990 (26) (*)
            [0](-) 0x63052458e990 (26) (*)
          [0](-) 0x63052458e990 (26) (*)
      [3](-) 0x6305245904d0 (2)
        [0](+) 0x63052458e990 (26) (*)
        [2](-) 0x63052458fa70 (5) (*)
    [4](+) 0x6305245906e0 (1)
      [3](+) 0x630524590600 (2) (*)
      [0](-) 0x63052458e990 (26) (*)
  [0](-) 0x63052458e990 (26) (*)

==> Total #BddNodes : 10


