g1
[4](+) 0x5a06d6cc0bb0 (2)
  [2](+) 0x5a06d6cbf8f0 (6)
    [0](+) 0x5a06d6cbf990 (26)
    [0](-) 0x5a06d6cbf990 (26) (*)
  [0](-) 0x5a06d6cbf990 (26) (*)

==> Total #BddNodes : 3


g2
[5](-) 0x5a06d6cc0a20 (1)
  [3](+) 0x5a06d6cbf8a0 (5)
    [0](+) 0x5a06d6cbf990 (26)
    [0](-) 0x5a06d6cbf990 (26) (*)
  [0](+) 0x5a06d6cbf990 (26) (*)

==> Total #BddNodes : 3


g3
[2](+) 0x5a06d6cc0a70 (5)
  [1](+) 0x5a06d6cbf940 (3)
    [0](+) 0x5a06d6cbf990 (26)
    [0](-) 0x5a06d6cbf990 (26) (*)
  [0](-) 0x5a06d6cbf990 (26) (*)

==> Total #BddNodes : 3


g4
[4](+) 0x5a06d6cc0b10 (1)
  [3](+) 0x5a06d6cc0ac0 (1)
    [2](+) 0x5a06d6cbf8f0 (6)
      [0](+) 0x5a06d6cbf990 (26)
      [0](-) 0x5a06d6cbf990 (26) (*)
    [0](-) 0x5a06d6cbf990 (26) (*)
  [0](-) 0x5a06d6cbf990 (26) (*)

==> Total #BddNodes : 4


g5
[5](+) 0x5a06d6cc13e0 (1)
  [4](+) 0x5a06d6cc09c0 (1)
    [3](+) 0x5a06d6cc0b60 (1)
      [2](+) 0x5a06d6cbf8f0 (6)
        [0](+) 0x5a06d6cbf990 (26)
        [0](-) 0x5a06d6cbf990 (26) (*)
      [0](+) 0x5a06d6cbf990 (26) (*)
    [3](-) 0x5a06d6cbf8a0 (5)
      [0](+) 0x5a06d6cbf990 (26) (*)
      [0](-) 0x5a06d6cbf990 (26) (*)
  [4](+) 0x5a06d6cc0bb0 (2)
    [2](+) 0x5a06d6cbf8f0 (6) (*)
    [0](-) 0x5a06d6cbf990 (26) (*)

==> Total #BddNodes : 7


g6
[5](+) 0x5a06d6cc1480 (1)
  [4](+) 0x5a06d6cc1430 (1)
    [0](+) 0x5a06d6cbf990 (26)
    [3](-) 0x5a06d6cbf8a0 (5)
      [0](+) 0x5a06d6cbf990 (26) (*)
      [0](-) 0x5a06d6cbf990 (26) (*)
  [4](+) 0x5a06d6cbf850 (3)
    [0](+) 0x5a06d6cbf990 (26) (*)
    [0](-) 0x5a06d6cbf990 (26) (*)

==> Total #BddNodes : 5


g7
[5](+) 0x5a06d6cc15e0 (1)
  [4](+) 0x5a06d6cc1520 (1)
    [2](+) 0x5a06d6cc0a70 (5)
      [1](+) 0x5a06d6cbf940 (3)
        [0](+) 0x5a06d6cbf990 (26)
        [0](-) 0x5a06d6cbf990 (26) (*)
      [0](-) 0x5a06d6cbf990 (26) (*)
    [3](-) 0x5a06d6cc14d0 (2)
      [0](+) 0x5a06d6cbf990 (26) (*)
      [2](-) 0x5a06d6cc0a70 (5) (*)
  [4](+) 0x5a06d6cc1570 (1)
    [2](+) 0x5a06d6cc0a70 (5) (*)
    [0](-) 0x5a06d6cbf990 (26) (*)

==> Total #BddNodes : 7


g8
[5](+) 0x5a06d6cc1700 (2)
  [4](+) 0x5a06d6cc1670 (1)
    [3](+) 0x5a06d6cc1600 (2)
      [2](+) 0x5a06d6cbf8f0 (6)
        [0](+) 0x5a06d6cbf990 (26)
        [0](-) 0x5a06d6cbf990 (26) (*)
      [2](+) 0x5a06d6cc0a70 (5)
        [1](+) 0x5a06d6cbf940 (3)
          [0](+) 0x5a06d6cbf990 (26) (*)
          [0](-) 0x5a06d6cbf990 (26) (*)
        [0](-) 0x5a06d6cbf990 (26) (*)
    [3](-) 0x5a06d6cc14d0 (2)
      [0](+) 0x5a06d6cbf990 (26) (*)
      [2](-) 0x5a06d6cc0a70 (5) (*)
  [4](+) 0x5a06d6cc16e0 (1)
    [3](+) 0x5a06d6cc1600 (2) (*)
    [0](-) 0x5a06d6cbf990 (26) (*)

==> Total #BddNodes : 9


g9
[6](+) 0x5a06d6cc1720 (1)
  [5](+) 0x5a06d6cc1700 (2)
    [4](+) 0x5a06d6cc1670 (1)
      [3](+) 0x5a06d6cc1600 (2)
        [2](+) 0x5a06d6cbf8f0 (6)
          [0](+) 0x5a06d6cbf990 (26)
          [0](-) 0x5a06d6cbf990 (26) (*)
        [2](+) 0x5a06d6cc0a70 (5)
          [1](+) 0x5a06d6cbf940 (3)
            [0](+) 0x5a06d6cbf990 (26) (*)
            [0](-) 0x5a06d6cbf990 (26) (*)
          [0](-) 0x5a06d6cbf990 (26) (*)
      [3](-) 0x5a06d6cc14d0 (2)
        [0](+) 0x5a06d6cbf990 (26) (*)
        [2](-) 0x5a06d6cc0a70 (5) (*)
    [4](+) 0x5a06d6cc16e0 (1)
      [3](+) 0x5a06d6cc1600 (2) (*)
      [0](-) 0x5a06d6cbf990 (26) (*)
  [0](-) 0x5a06d6cbf990 (26) (*)

==> Total #BddNodes : 10


